<?xml version="1.0" encoding="UTF-8"?>
<testng-results skipped="0" failed="0" ignored="0" total="1" passed="1">
  <reporter-output>
  </reporter-output>
  <suite name="Default suite" duration-ms="32426" started-at="2018-05-28T09:34:18Z" finished-at="2018-05-28T09:34:51Z">
    <groups>
    </groups>
    <test name="Default test" duration-ms="32426" started-at="2018-05-28T09:34:18Z" finished-at="2018-05-28T09:34:51Z">
      <class name="Reading_Properties_File.A3_FaceBookLogin_______Utils_ReadProperities">
        <test-method status="PASS" signature="Setup()[pri:0, instance:Reading_Properties_File.A3_FaceBookLogin_______Utils_ReadProperities@4d41cee]" name="Setup" is-config="true" duration-ms="15082" started-at="2018-05-28T09:34:18Z" finished-at="2018-05-28T09:34:33Z">
          <reporter-output>
          </reporter-output>
        </test-method> <!-- Setup -->
        <test-method status="PASS" signature="FaceBooklogin()[pri:0, instance:Reading_Properties_File.A3_FaceBookLogin_______Utils_ReadProperities@4d41cee]" name="FaceBooklogin" duration-ms="16379" started-at="2018-05-28T09:34:33Z" finished-at="2018-05-28T09:34:50Z">
          <reporter-output>
          </reporter-output>
        </test-method> <!-- FaceBooklogin -->
        <test-method status="PASS" signature="quit()[pri:0, instance:Reading_Properties_File.A3_FaceBookLogin_______Utils_ReadProperities@4d41cee]" name="quit" is-config="true" duration-ms="946" started-at="2018-05-28T09:34:50Z" finished-at="2018-05-28T09:34:51Z">
          <reporter-output>
          </reporter-output>
        </test-method> <!-- quit -->
      </class> <!-- Reading_Properties_File.A3_FaceBookLogin_______Utils_ReadProperities -->
    </test> <!-- Default test -->
  </suite> <!-- Default suite -->
</testng-results>
