<?xml version="1.0" encoding="UTF-8"?>
<!-- Generated by org.testng.reporters.JUnitXMLReporter -->
<testsuite hostname="DESKTOP-1TGL11O" ignored="0" name="chrome" tests="4" failures="0" timestamp="21 Apr 2018 21:16:31 GMT" time="97.898" errors="0">
  <testcase name="DeviationOperator" time="2.839" classname="Xml_Parallel.Supper_Calculator"/>
  <testcase name="MinusOperator" time="3.342" classname="Xml_Parallel.Supper_Calculator"/>
  <testcase name="PlusOperator" time="2.876" classname="Xml_Parallel.Supper_Calculator"/>
  <testcase name="multiplyOperator" time="2.705" classname="Xml_Parallel.Supper_Calculator"/>
</testsuite> <!-- chrome -->
