<?xml version="1.0" encoding="UTF-8"?>
<!-- Generated by org.testng.reporters.JUnitXMLReporter -->
<testsuite hostname="DESKTOP-1TGL11O" ignored="0" name="FF" tests="4" failures="0" timestamp="21 Apr 2018 21:17:11 GMT" time="137.558" errors="0">
  <testcase name="DeviationOperator" time="15.257" classname="Xml_Parallel.Supper_Calculator"/>
  <testcase name="MinusOperator" time="2.374" classname="Xml_Parallel.Supper_Calculator"/>
  <testcase name="PlusOperator" time="3.778" classname="Xml_Parallel.Supper_Calculator"/>
  <testcase name="multiplyOperator" time="4.036" classname="Xml_Parallel.Supper_Calculator"/>
</testsuite> <!-- FF -->
